<?xml version="1.0" encoding="UTF-8"?>
<testsuites name="jest tests" tests="26" failures="0" errors="0" time="1.831">
  <testsuite name="ArchitectureTimeline Component" errors="0" failures="0" skipped="18" timestamp="2026-01-19T08:27:48" time="0.851" tests="18">
    <testcase classname="ArchitectureTimeline Component" name="renders without crashing with valid data" time="0">
      <skipped/>
    </testcase>
    <testcase classname="ArchitectureTimeline Component" name="renders SVG container with correct dimensions" time="0">
      <skipped/>
    </testcase>
    <testcase classname="ArchitectureTimeline Component" name="displays metric lines for all data series" time="0">
      <skipped/>
    </testcase>
    <testcase classname="ArchitectureTimeline Component" name="renders data points as circles" time="0">
      <skipped/>
    </testcase>
    <testcase classname="ArchitectureTimeline Component" name="renders event markers correctly" time="0">
      <skipped/>
    </testcase>
    <testcase classname="ArchitectureTimeline Component" name="displays event labels" time="0">
      <skipped/>
    </testcase>
    <testcase classname="ArchitectureTimeline Component" name="renders legend with correct metric labels" time="0">
      <skipped/>
    </testcase>
    <testcase classname="ArchitectureTimeline Component" name="handles empty data gracefully" time="0">
      <skipped/>
    </testcase>
    <testcase classname="ArchitectureTimeline Component" name="handles large datasets efficiently" time="0">
      <skipped/>
    </testcase>
    <testcase classname="ArchitectureTimeline Component" name="updates when data prop changes" time="0">
      <skipped/>
    </testcase>
    <testcase classname="ArchitectureTimeline Component" name="applies responsive container styling" time="0">
      <skipped/>
    </testcase>
    <testcase classname="ArchitectureTimeline Component" name="handles different chart dimensions" time="0">
      <skipped/>
    </testcase>
    <testcase classname="ArchitectureTimeline Component" name="includes accessibility features" time="0">
      <skipped/>
    </testcase>
    <testcase classname="ArchitectureTimeline Component" name="handles edge case: single data point" time="0">
      <skipped/>
    </testcase>
    <testcase classname="ArchitectureTimeline Component" name="validates prop types and handles invalid data" time="0">
      <skipped/>
    </testcase>
    <testcase classname="ArchitectureTimeline Component" name="renders correctly with realistic backend JSON response" time="0">
      <skipped/>
    </testcase>
    <testcase classname="ArchitectureTimeline Component" name="renders within performance budget" time="0">
      <skipped/>
    </testcase>
    <testcase classname="ArchitectureTimeline Component" name="cleans up resources on unmount" time="0">
      <skipped/>
    </testcase>
  </testsuite>
  <testsuite name="Jest Setup Verification" errors="0" failures="0" skipped="7" timestamp="2026-01-19T08:27:49" time="0.072" tests="8">
    <testcase classname="Jest Setup Verification" name="should have environment variables configured" time="0.005">
    </testcase>
    <testcase classname="Jest Setup Verification" name="should have localStorage mocked" time="0">
      <skipped/>
    </testcase>
    <testcase classname="Jest Setup Verification" name="should have window.location mocked" time="0">
      <skipped/>
    </testcase>
    <testcase classname="Jest Setup Verification" name="should have window.matchMedia mocked" time="0">
      <skipped/>
    </testcase>
    <testcase classname="Jest Setup Verification" name="should have fetch mocked" time="0">
      <skipped/>
    </testcase>
    <testcase classname="Jest Setup Verification" name="should have custom matchers" time="0">
      <skipped/>
    </testcase>
    <testcase classname="Jest Setup Verification" name="should have DOM mocks" time="0">
      <skipped/>
    </testcase>
    <testcase classname="Jest Setup Verification" name="should have SVG mocks" time="0">
      <skipped/>
    </testcase>
  </testsuite>
</testsuites>